D:\BINHLUANVAN\GSPAN\GSPAN\DEBUG\MISC.OBJ
D:\BINHLUANVAN\GSPAN\GSPAN\DEBUG\MAIN.OBJ
D:\BINHLUANVAN\GSPAN\GSPAN\DEBUG\ISMIN.OBJ
D:\BINHLUANVAN\GSPAN\GSPAN\DEBUG\GSPAN.OBJ
D:\BINHLUANVAN\GSPAN\GSPAN\DEBUG\GRAPH.OBJ
D:\BINHLUANVAN\GSPAN\GSPAN\DEBUG\DFS.OBJ
D:\BINHLUANVAN\GSPAN\GSPAN\DEBUG\VC110.PDB
D:\BINHLUANVAN\GSPAN\GSPAN\DEBUG\.NETFRAMEWORK,VERSION=V4.0.ASSEMBLYATTRIBUTES.OBJ
D:\BinhLuanVan\gspan\gspan\Debug\gspan.vcxprojResolveAssemblyReference.cache
D:\BinhLuanVan\gspan\gspan\Debug\.NETFramework,Version=v4.0.AssemblyAttributes.obj
D:\BinhLuanVan\gspan\gspan\Debug\dfs.obj
D:\BinhLuanVan\gspan\gspan\Debug\graph.obj
D:\BinhLuanVan\gspan\gspan\Debug\gspan.obj
D:\BinhLuanVan\gspan\gspan\Debug\ismin.obj
D:\BinhLuanVan\gspan\gspan\Debug\main.obj
D:\BinhLuanVan\gspan\gspan\Debug\misc.obj
D:\BinhLuanVan\gspan\gspan\Debug\cl.command.1.tlog
D:\BinhLuanVan\gspan\gspan\Debug\CL.read.1.tlog
D:\BinhLuanVan\gspan\gspan\Debug\CL.write.1.tlog
D:\BinhLuanVan\gspan\gspan\Debug\link.2188-cvtres.read.1.tlog
D:\BinhLuanVan\gspan\gspan\Debug\link.2188-cvtres.write.1.tlog
D:\BinhLuanVan\gspan\gspan\Debug\link.2188-rc.read.1.tlog
D:\BinhLuanVan\gspan\gspan\Debug\link.2188-rc.write.1.tlog
D:\BinhLuanVan\gspan\gspan\Debug\link.2188.read.1.tlog
D:\BinhLuanVan\gspan\gspan\Debug\link.2188.write.1.tlog
D:\BinhLuanVan\gspan\gspan\Debug\link.5932-cvtres.read.1.tlog
D:\BinhLuanVan\gspan\gspan\Debug\link.5932-cvtres.write.1.tlog
D:\BinhLuanVan\gspan\gspan\Debug\link.5932-rc.read.1.tlog
D:\BinhLuanVan\gspan\gspan\Debug\link.5932-rc.write.1.tlog
D:\BinhLuanVan\gspan\gspan\Debug\link.5932.read.1.tlog
D:\BinhLuanVan\gspan\gspan\Debug\link.5932.write.1.tlog
D:\BinhLuanVan\gspan\gspan\Debug\link.command.1.tlog
D:\BinhLuanVan\gspan\gspan\Debug\link.read.1.tlog
D:\BinhLuanVan\gspan\gspan\Debug\link.write.1.tlog
D:\BinhLuanVan\gspan\gspan\Debug\metagen.read.1.tlog
D:\BinhLuanVan\gspan\gspan\Debug\metagen.write.1.tlog
D:\BinhLuanVan\gspan\gspan\Debug\gspan.exe.intermediate.manifest
D:\BinhLuanVan\gspan\gspan\Debug\vc90.idb
D:\BinhLuanVan\gspan\gspan\Debug\vc110.pdb
D:\BinhLuanVan\gspan\gspan\Debug\vc90.pdb
D:\BinhLuanVan\gspan\gspan\Debug\TZRES.DLL.bi
D:\BinhLuanVan\gspan\Debug\gspan.ilk
