Build started 11/25/2018 6:35:46 PM.
     1>Project "D:\BinhLuanVan\gspan\gspan\gspan.vcxproj" on node 2 (Build target(s)).
     1>ClCompile:
         C:\Program Files\Microsoft Visual Studio 11.0\VC\bin\CL.exe /c /AI"C:\Program Files\Reference Assemblies\Microsoft\Framework\.NETFramework\v4.0" /AI"C:\Program Files\Windows Kits\8.0\References\CommonConfiguration\Neutral" /Zi /clr /nologo /W3 /WX- /Od /Oy- /D WIN32 /D _DEBUG /D _UNICODE /D UNICODE /EHa /MDd /GS /fp:precise /Zc:wchar_t /Zc:forScope /Fo"Debug\\" /Fd"Debug\vc110.pdb" /TP /FU"C:\Program Files\Reference Assemblies\Microsoft\Framework\.NETFramework\v4.0\mscorlib.dll" /analyze- /errorReport:prompt /clr:nostdlib main.cpp
         main.cpp
     1>d:\binhluanvan\gspan\gspan\gspan.h(143): warning C4800: 'int' : forcing value to bool 'true' or 'false' (performance warning)
     1>d:\binhluanvan\gspan\gspan\gspan.h(144): warning C4800: 'int' : forcing value to bool 'true' or 'false' (performance warning)
     1>main.cpp(52): warning C4101: 'opt' : unreferenced local variable
       Link:
         C:\Program Files\Microsoft Visual Studio 11.0\VC\bin\link.exe /ERRORREPORT:PROMPT /OUT:"D:\BinhLuanVan\gspan\Debug\gspan.exe" /INCREMENTAL /NOLOGO /MANIFEST /MANIFESTUAC:"level='asInvoker' uiAccess='false'" /manifest:embed /DEBUG /PDB:"D:\BinhLuanVan\gspan\Debug\gspan.pdb" /ASSEMBLYDEBUG /TLBID:1 /DYNAMICBASE /FIXED:NO /NXCOMPAT /MACHINE:X86 /SAFESEH Debug\dfs.obj
         Debug\graph.obj
         Debug\gspan.obj
         Debug\ismin.obj
         Debug\main.obj
         Debug\misc.obj
         "Debug\.NETFramework,Version=v4.0.AssemblyAttributes.obj"
         gspan.vcxproj -> D:\BinhLuanVan\gspan\Debug\gspan.exe
     1>Done Building Project "D:\BinhLuanVan\gspan\gspan\gspan.vcxproj" (Build target(s)).

Build succeeded.

Time Elapsed 00:00:06.67
